<?xml version="1.0" encoding="UTF-8"?>
<!-- Generated by org.testng.reporters.JUnitReportReporter -->
<testsuite hostname="DESKTOP-NQ43KAR" failures="0" tests="5" name="testCases.TC_LoginDDT" time="45.453" errors="0" timestamp="2023-12-18T17:30:34 IST" skipped="0">
  <testcase classname="testCases.TC_LoginDDT" name="test_LoginDdt" time="5.429"/>
  <testcase classname="testCases.TC_LoginDDT" name="test_LoginDdt" time="12.432"/>
  <testcase classname="testCases.TC_LoginDDT" name="test_LoginDdt" time="12.053"/>
  <testcase classname="testCases.TC_LoginDDT" name="test_LoginDdt" time="2.914"/>
  <testcase classname="testCases.TC_LoginDDT" name="test_LoginDdt" time="12.625"/>
</testsuite> <!-- testCases.TC_LoginDDT -->
