<?xml version="1.0" encoding="UTF-8"?>
<!-- Generated by org.testng.reporters.JUnitReportReporter -->
<testsuite hostname="DESKTOP-NQ43KAR" failures="0" tests="5" name="testCases.TC_LoginDDT" time="41.532" errors="0" timestamp="2023-12-18T18:53:29 IST" skipped="0">
  <testcase classname="testCases.TC_LoginDDT" name="test_LoginDdt" time="3.538"/>
  <testcase classname="testCases.TC_LoginDDT" name="test_LoginDdt" time="2.601"/>
  <testcase classname="testCases.TC_LoginDDT" name="test_LoginDdt" time="11.661"/>
  <testcase classname="testCases.TC_LoginDDT" name="test_LoginDdt" time="12.004"/>
  <testcase classname="testCases.TC_LoginDDT" name="test_LoginDdt" time="11.728"/>
</testsuite> <!-- testCases.TC_LoginDDT -->
