<?xml version="1.0" encoding="UTF-8"?>
<!-- Generated by org.testng.reporters.JUnitReportReporter -->
<testsuite hostname="DESKTOP-NQ43KAR" failures="0" tests="1" name="testCases.TC_Account_RegistrationTest" time="10.238" errors="0" timestamp="2023-12-18T18:53:29 IST" skipped="0">
  <testcase classname="testCases.TC_Account_RegistrationTest" name="account_registration" time="10.238"/>
</testsuite> <!-- testCases.TC_Account_RegistrationTest -->
