<?xml version="1.0" encoding="UTF-8"?>
<!-- Generated by org.testng.reporters.JUnitReportReporter -->
<testsuite hostname="DESKTOP-NQ43KAR" failures="0" tests="1" name="testCases.TC_LoginTest" time="9.958" errors="0" timestamp="2023-12-18T18:53:29 IST" skipped="0">
  <testcase classname="testCases.TC_LoginTest" name="test_Login" time="9.958"/>
</testsuite> <!-- testCases.TC_LoginTest -->
